生成启动时间为 2017/3/18 16:09:26。
     1>项目“F:\STR\WORK\程序开发工程目录\C工程\For循环\For循环\For循环.vcxproj”在节点 2 上(build 个目标)。
     1>InitializeBuildStatus:
         正在创建“Debug\For循环.unsuccessfulbuild”，因为已指定“AlwaysCreate”。
       ClCompile:
         f:\STR\WORK\VS2010\VS2010ProTrialCHS\Insatll\VC\bin\CL.exe /c /ZI /nologo /W3 /WX- /Od /Oy- /D WIN32 /D _DEBUG /D _CONSOLE /D _UNICODE /D UNICODE /Gm /EHsc /RTC1 /MDd /GS /fp:precise /Zc:wchar_t /Zc:forScope /Fo"Debug\\" /Fd"Debug\vc100.pdb" /Gd /TP /analyze- /errorReport:prompt "For循环.cpp"
         For循环.cpp
     1>f:\str\work\程序开发工程目录\c工程\for循环\for循环\for循环.cpp(7): warning C4996: 'scanf': This function or variable may be unsafe. Consider using scanf_s instead. To disable deprecation, use _CRT_SECURE_NO_WARNINGS. See online help for details.
                 f:\str\work\vs2010\vs2010protrialchs\insatll\vc\include\stdio.h(304) : 参见“scanf”的声明
       ManifestResourceCompile:
         所有输出均为最新。
       Link:
         f:\STR\WORK\VS2010\VS2010ProTrialCHS\Insatll\VC\bin\link.exe /ERRORREPORT:PROMPT /OUT:"F:\STR\WORK\程序开发工程目录\C工程\For循环\Debug\For循环.exe" /INCREMENTAL /NOLOGO kernel32.lib user32.lib gdi32.lib winspool.lib comdlg32.lib advapi32.lib shell32.lib ole32.lib oleaut32.lib uuid.lib odbc32.lib odbccp32.lib /MANIFEST /ManifestFile:"Debug\For循环.exe.intermediate.manifest" /MANIFESTUAC:"level='asInvoker' uiAccess='false'" /DEBUG /PDB:"F:\STR\WORK\程序开发工程目录\C工程\For循环\Debug\For循环.pdb" /SUBSYSTEM:CONSOLE /TLBID:1 /DYNAMICBASE /NXCOMPAT /IMPLIB:"F:\STR\WORK\程序开发工程目录\C工程\For循环\Debug\For循环.lib" /MACHINE:X86 "Debug\For循环.exe.embed.manifest.res"
         "Debug\For循环.obj"
       Manifest:
         C:\Program Files\Microsoft SDKs\Windows\v7.0A\bin\mt.exe /nologo /verbose /out:"Debug\For循环.exe.embed.manifest" /manifest "Debug\For循环.exe.intermediate.manifest"
         所有输出均为最新。
       LinkEmbedManifest:
         所有输出均为最新。
         For循环.vcxproj -> F:\STR\WORK\程序开发工程目录\C工程\For循环\Debug\For循环.exe
       FinalizeBuildStatus:
         正在删除文件“Debug\For循环.unsuccessfulbuild”。
         正在对“Debug\For循环.lastbuildstate”执行 Touch 任务。
     1>已完成生成项目“F:\STR\WORK\程序开发工程目录\C工程\For循环\For循环\For循环.vcxproj”(build 个目标)的操作。

生成成功。

已用时间 00:00:02.10
