生成启动时间为 2016/12/3 星期六 23:04:41。
     1>项目“F:\STR\WORK\程序开发工程目录\C 工程\Hello World\Hello World\Hello World.vcxproj”在节点 2 上(build 个目标)。
     1>InitializeBuildStatus:
         正在创建“Debug\Hello World.unsuccessfulbuild”，因为已指定“AlwaysCreate”。
       ClCompile:
         f:\STR\WORK\Visual Studio\vs2010protrialchs\VS2010ProTrialCHS\VC\bin\CL.exe /c /ZI /nologo /W3 /WX- /Od /Oy- /D WIN32 /D _DEBUG /D _CONSOLE /D _UNICODE /D UNICODE /Gm /EHsc /RTC1 /MDd /GS /fp:precise /Zc:wchar_t /Zc:forScope /Fo"Debug\\" /Fd"Debug\vc100.pdb" /Gd /TP /analyze- /errorReport:prompt "Hello World.cpp"
         Hello World.cpp
     1>f:\str\work\程序开发工程目录\c 工程\hello world\hello world\hello world.cpp(5): warning C4996: 'scanf': This function or variable may be unsafe. Consider using scanf_s instead. To disable deprecation, use _CRT_SECURE_NO_WARNINGS. See online help for details.
                 f:\str\work\visual studio\vs2010protrialchs\vs2010protrialchs\vc\include\stdio.h(304) : 参见“scanf”的声明
       ManifestResourceCompile:
         所有输出均为最新。
       Link:
         f:\STR\WORK\Visual Studio\vs2010protrialchs\VS2010ProTrialCHS\VC\bin\link.exe /ERRORREPORT:PROMPT /OUT:"F:\STR\WORK\程序开发工程目录\C 工程\Hello World\Debug\Hello World.exe" /INCREMENTAL /NOLOGO kernel32.lib user32.lib gdi32.lib winspool.lib comdlg32.lib advapi32.lib shell32.lib ole32.lib oleaut32.lib uuid.lib odbc32.lib odbccp32.lib /MANIFEST /ManifestFile:"Debug\Hello World.exe.intermediate.manifest" /MANIFESTUAC:"level='asInvoker' uiAccess='false'" /DEBUG /PDB:"F:\STR\WORK\程序开发工程目录\C 工程\Hello World\Debug\Hello World.pdb" /SUBSYSTEM:CONSOLE /TLBID:1 /DYNAMICBASE /NXCOMPAT /IMPLIB:"F:\STR\WORK\程序开发工程目录\C 工程\Hello World\Debug\Hello World.lib" /MACHINE:X86 "Debug\Hello World.exe.embed.manifest.res"
         "Debug\Hello World.obj"
       Manifest:
         C:\Program Files\Microsoft SDKs\Windows\v7.0A\bin\mt.exe /nologo /verbose /out:"Debug\Hello World.exe.embed.manifest" /manifest "Debug\Hello World.exe.intermediate.manifest"
         所有输出均为最新。
       LinkEmbedManifest:
         所有输出均为最新。
         Hello World.vcxproj -> F:\STR\WORK\程序开发工程目录\C 工程\Hello World\Debug\Hello World.exe
       FinalizeBuildStatus:
         正在删除文件“Debug\Hello World.unsuccessfulbuild”。
         正在对“Debug\Hello World.lastbuildstate”执行 Touch 任务。
     1>已完成生成项目“F:\STR\WORK\程序开发工程目录\C 工程\Hello World\Hello World\Hello World.vcxproj”(build 个目标)的操作。

生成成功。

已用时间 00:00:00.70
